<?xml version="1.0" encoding="UTF-8"?>
<!-- Generated by org.testng.reporters.JUnitReportReporter -->
<testsuite hostname="maczwoolboy19.local" failures="0" tests="1" name="tests.LoginTest" time="8.819" errors="0" timestamp="01 Sep 2021 09:58:57 GMT" skipped="0">
  <testcase classname="tests.LoginTest" name="enterEmailOnLogin" time="8.819"/>
</testsuite> <!-- tests.LoginTest -->
