<?xml version="1.0" encoding="UTF-8"?>
<!-- Generated by org.testng.reporters.JUnitReportReporter -->
<testsuite hostname="maczwoolboy19.local" failures="0" tests="1" name="tests.LoginSmokeTest" time="28.686" errors="0" timestamp="01 Sep 2021 06:39:13 GMT" skipped="0">
  <testcase classname="tests.LoginSmokeTest" name="enterEmailOnLogin" time="28.686"/>
</testsuite> <!-- tests.LoginSmokeTest -->
