<?xml version="1.0" encoding="UTF-8"?>
<!-- Generated by org.testng.reporters.JUnitReportReporter -->
<testsuite hostname="maczwoolboy19.local" failures="0" tests="1" name="tests.WatchDemoTest" time="13.028" errors="0" timestamp="01 Sep 2021 21:06:39 GMT" skipped="0">
  <testcase classname="tests.WatchDemoTest" name="completeDemoContactForm" time="13.028"/>
</testsuite> <!-- tests.WatchDemoTest -->
