<?xml version="1.0" encoding="UTF-8"?>
<!-- Generated by org.testng.reporters.JUnitReportReporter -->
<testsuite hostname="maczwoolboy19.local" failures="0" tests="1" name="tests.PricingRequestTest" time="9.766" errors="0" timestamp="01 Sep 2021 22:11:56 GMT" skipped="0">
  <testcase classname="tests.PricingRequestTest" name="completeRequestForPricing" time="9.766"/>
</testsuite> <!-- tests.PricingRequestTest -->
